<?xml version="1.0" encoding="UTF-8"?>
<!-- Generated by org.testng.reporters.JUnitReportReporter -->
<testsuite hostname="Neerajs-MacBook-Pro.local" failures="0" tests="2" name="TestCases" time="0.001" errors="0" timestamp="2022-10-29T13:53:01 IST" skipped="0">
  <testcase classname="TestCases" name="checkNoOfForeignPlayers" time="0.001"/>
  <system-out/>
  <testcase classname="TestCases" name="verifyAtLeastOneWicketKeeper" time="0.000"/>
  <system-out/>
</testsuite> <!-- TestCases -->
